<?xml version="1.0" encoding="UTF-8"?>
<!-- Generated by org.testng.reporters.JUnitReportReporter -->
<testsuite hostname="DESKTOP-I9E8UQV" failures="0" tests="4" name="TestClass.TestClass1" time="26.024" errors="0" timestamp="2022-10-20T18:09:55 IST" skipped="0">
  <testcase classname="TestClass.TestClass1" name="test1" time="11.890"/>
  <system-out/>
  <testcase classname="TestClass.TestClass1" name="Verifyusercanclickonfund" time="11.154"/>
  <system-out/>
  <testcase classname="TestClass.TestClass1" name="Verifyuseronfundpage" time="0.220"/>
  <system-out/>
  <testcase classname="TestClass.TestClass1" name="Useraddpayment" time="2.760"/>
  <system-out/>
</testsuite> <!-- TestClass.TestClass1 -->
